[2017-08-04T14:43:28.391Z] Env: test, Id: E2MKQKQU1SLEFJ, Domain: d102m8srlsjc79.cloudfront.net, Hash: 5c77d8c6
[2017-08-04T13:16:45.588Z] Env: test, Id: E1VVK58A6TLU4H, Domain: d2kc08l2ay0fyy.cloudfront.net, Hash: 9be99a22
[2017-08-04T09:41:11.729Z] Env: test, Id: E12F2EK9TE389N, Domain: d1fm7f9k6hkj30.cloudfront.net, Hash: 50883e87
[2017-08-02T11:54:38.119Z] Env: stage, Id: E29EBAOT2LYN3L, Domain: dfuk90efvczal.cloudfront.net, Hash: 5ec618cd
[2017-08-01T16:15:19.406Z] Env: test, Id: EW0TOG0P458KN, Domain: d2ehfp6gr83ue3.cloudfront.net, Hash: d7cc180e
[2017-08-01T14:48:43.427Z] Env: test, Id: E1197DGTPBTZGV, Domain: d3hxhqdnzbq2eq.cloudfront.net, Hash: c311c4bb
[2017-08-01T12:38:13.179Z] Env: test, Id: E1M9BKG7WWM0WI, Domain: dmn7swvkstakw.cloudfront.net, Hash: 1ddf0599
[2017-08-01T11:45:13.117Z] Env: test, Id: E3HO4LJCOUPQ09, Domain: dgg3dhhjpuvez.cloudfront.net, Hash: c979a464
[2017-07-27T09:14:14.409Z] Env: test, Id: EI31IGIREJKMH, Domain: diky859gjaz3v.cloudfront.net, Hash: a14aecb9
[2017-07-27T08:29:35.275Z] Env: test, Id: E2FJSI779P7EJP, Domain: d1i7mjgxeulwa1.cloudfront.net, Hash: 3cf31933
[2017-07-26T06:44:20.838Z] Env: test, Id: E1I46K6IKIQVPH, Domain: d1h75aeg6m2zb6.cloudfront.net, Hash: 1633d8c6
[2017-07-25T19:06:03.464Z] Env: test, Id: E3UBK8IA6LMKZB, Domain: d12zh8vgikmkd0.cloudfront.net, Hash: e473f4cf
[2017-07-24T13:36:00.000Z] Env: test, Id: E3QY03X8EQP4O3, Domain: d1sbghmy6bxtzd.cloudfront.net, Hash: 2dc51e8f
[2017-07-24T12:50:00.000Z] Env: test, Id: E3IPZM0H6Y4AME, Domain: dqq4mxwbyubju.cloudfront.net, Hash: 9e2ece57
[2017-07-24T12:05:00.000Z] Env: test, Id: E3T8D6VOOK85ZQ, Domain: d28hry3uayon3.cloudfront.net, Hash: 515bde15
[2017-07-25T10:17:00.000Z] Env: test, Id: E1OIDX9P1J6G70, Domain: dihgl1f35lbe8.cloudfront.net, Hash: 6f1580b1
[2017-07-24T21:17:00.000Z] Env: test, Id: E29TREPXACL78Z, Domain: dz70zxcpj00lu.cloudfront.net, Hash: 3a3dee86
[2017-07-24T20:25:00.000Z] Env: test, Id: E3KDA98IYBSTFH, Domain: d42y4x1qfemi2.cloudfront.net, Hash: 54a7e92f
[2017-07-24T19:32:00.000Z] Env: test, Id: E1AN32Q96BR48C, Domain: d28zv8465fxgj5.cloudfront.net, Hash: 7765e4f2
[2017-07-24T19:20:00.000Z] Env: test, Id: E2GLLE7BX8Z12P, Domain: d27fs66xatnuoj.cloudfront.net, Hash: fdccc091
[2017-07-24T17:30:00.000Z] Env: test, Id: EC2YXXZO19CFJ, Domain: d3lx6v4fwjgj2v.cloudfront.net, Hash: 4a30948f
[2017-07-24T16:02:00.000Z] Env: prod, Id: E3BUSUUD7GUN08, Domain: dtj8rvvs2jgsz.cloudfront.net, Hash: e3d8ecd7
[2017-07-24T15:25:00.000Z] Env: test, Id: E19LMA0Z1XUCDG, Domain: d1bf2nn9l0lioz.cloudfront.net, Hash: 758533aa
[2017-07-21T17:30:00.000Z] Env: stage, Id: E1KC00GL4J56US, Domain: dwtlc2ytx764f.cloudfront.net, Hash: 86f71f28
[2017-07-18T09:31:00.000Z] Env: test, Id: E35CVDA57SYKSS, Domain: dc0leigc9qphh.cloudfront.net, Hash: 7765e4f2
